2023/07/14 01:36:30 rpc registry path: /_geerpc_/registry
2023/07/14 01:36:30 rpc server: register Foo.Print
2023/07/14 01:36:30 rpc server: register Foo.Sleep
2023/07/14 01:36:30 rpc server: register Foo.Sum
2023/07/14 01:36:30 tcp@[::]:62719 send heart beat to registry http://localhost:9999/_geerpc_/registry
2023/07/14 01:36:30 http://localhost:9999/_geerpc_/registry
2023/07/14 01:36:30 rpc registry: refresh servers from registry http://localhost:9999/_geerpc_/registry
mmmm
0
2023/07/14 01:36:59 rpc registry path: /_geerpc_/registry
2023/07/14 01:36:59 rpc server: register Foo.Print
2023/07/14 01:36:59 rpc server: register Foo.Sleep
2023/07/14 01:36:59 rpc server: register Foo.Sum
2023/07/14 01:36:59 tcp@[::]:62889 send heart beat to registry http://localhost:9999/_geerpc_/registry
2023/07/14 01:36:59 http://localhost:9999/_geerpc_/registry
2023/07/14 01:36:59 rpc registry: refresh servers from registry http://localhost:9999/_geerpc_/registry
mmmm
0
2023/07/14 01:38:28 rpc registry path: /_geerpc_/registry
panic: runtime error: invalid memory address or nil pointer dereference
	panic: runtime error: invalid memory address or nil pointer dereference
[signal SIGSEGV: segmentation violation code=0x1 addr=0x28 pc=0x13198ad]

goroutine 6 [running]:
net/http.(*onceCloseListener).close(...)
	/usr/local/go/src/net/http/server.go:3501
sync.(*Once).doSlow(0xc0001540a8?, 0xc00011bc60?)
	/usr/local/go/src/sync/once.go:74 +0xc2
sync.(*Once).Do(...)
	/usr/local/go/src/sync/once.go:65
net/http.(*onceCloseListener).Close(0xc00007df50?)
	/usr/local/go/src/net/http/server.go:3497 +0x4a
panic({0x138a500, 0x16a0ed0})
	/usr/local/go/src/runtime/panic.go:884 +0x213
net/http.(*onceCloseListener).Accept(0x147d0f8?)
	<autogenerated>:1 +0x24
net/http.(*Server).Serve(0xc000154000, {0x0, 0x0})
	/usr/local/go/src/net/http/server.go:3059 +0x385
net/http.Serve(...)
	/usr/local/go/src/net/http/server.go:2581
geerpc.startRegistry(0x0?, 0x0?)
	/Users/wangzhiming/Desktop/geerpc/registry.go:16 +0xb9
created by geerpc.StartRegistry
	/Users/wangzhiming/Desktop/geerpc/registry.go:22 +0x7f
